[2026-06-19 12:30:00] [INFO] [asr_transcribe_segments] Loading ASR model from: ai4bharat/indic-conformer-600m-multilingual on device cuda
[2026-06-19 12:30:07] [INFO] [asr_transcribe_segments] ASR Model loaded successfully.
[2026-06-19 12:30:07] [INFO] [asr_transcribe_segments] Found 78 audio records for transcription
[2026-06-19 12:30:07] [INFO] [asr_transcribe_segments] wav_file data\Track_2_ASR_DevData_1\Hindi\Audio\2006763.wav
[2026-06-19 12:30:07] [INFO] [asr_transcribe_segments] Processing record 2006763 with 194 segments
[2026-06-19 12:30:45] [INFO] [asr_transcribe_segments] Saved full transcript for 2006763 at outputs\ASR\fa_asr_predictions\2006763_fullaudio_transcription.txt
[2026-06-19 12:30:45] [INFO] [asr_transcribe_segments] wav_file data\Track_2_ASR_DevData_1\Hindi\Audio\2011315.wav
[2026-06-19 12:30:45] [INFO] [asr_transcribe_segments] Processing record 2011315 with 317 segments
[2026-06-19 12:31:25] [INFO] [asr_transcribe_segments] Saved full transcript for 2011315 at outputs\ASR\fa_asr_predictions\2011315_fullaudio_transcription.txt
[2026-06-19 12:31:25] [INFO] [asr_transcribe_segments] wav_file data\Track_2_ASR_DevData_1\Hindi\Audio\2024698.wav
[2026-06-19 12:31:25] [INFO] [asr_transcribe_segments] Processing record 2024698 with 268 segments
[2026-06-19 12:32:16] [INFO] [asr_transcribe_segments] Saved full transcript for 2024698 at outputs\ASR\fa_asr_predictions\2024698_fullaudio_transcription.txt
[2026-06-19 12:32:16] [INFO] [asr_transcribe_segments] wav_file data\Track_2_ASR_DevData_1\Hindi\Audio\2025454.wav
[2026-06-19 12:32:16] [INFO] [asr_transcribe_segments] Processing record 2025454 with 464 segments
[2026-06-19 12:33:39] [INFO] [asr_transcribe_segments] Saved full transcript for 2025454 at outputs\ASR\fa_asr_predictions\2025454_fullaudio_transcription.txt
[2026-06-19 12:33:39] [INFO] [asr_transcribe_segments] wav_file data\Track_2_ASR_DevData_1\Hindi\Audio\2051619.wav
[2026-06-19 12:33:40] [INFO] [asr_transcribe_segments] Processing record 2051619 with 142 segments
[2026-06-19 12:34:03] [INFO] [asr_transcribe_segments] Saved full transcript for 2051619 at outputs\ASR\fa_asr_predictions\2051619_fullaudio_transcription.txt
[2026-06-19 12:34:03] [INFO] [asr_transcribe_segments] wav_file data\Track_2_ASR_DevData_1\Hindi\Audio\2104727.wav
[2026-06-19 12:34:03] [INFO] [asr_transcribe_segments] Processing record 2104727 with 256 segments
[2026-06-19 12:34:43] [INFO] [asr_transcribe_segments] Saved full transcript for 2104727 at outputs\ASR\fa_asr_predictions\2104727_fullaudio_transcription.txt
[2026-06-19 12:34:43] [INFO] [asr_transcribe_segments] wav_file data\Track_2_ASR_DevData_1\Hindi\Audio\2157582.wav
[2026-06-19 12:34:43] [INFO] [asr_transcribe_segments] Processing record 2157582 with 444 segments
[2026-06-19 12:36:16] [INFO] [asr_transcribe_segments] Saved full transcript for 2157582 at outputs\ASR\fa_asr_predictions\2157582_fullaudio_transcription.txt
[2026-06-19 12:36:16] [INFO] [asr_transcribe_segments] wav_file data\Track_2_ASR_DevData_1\Hindi\Audio\2190472.wav
[2026-06-19 12:36:16] [INFO] [asr_transcribe_segments] Processing record 2190472 with 315 segments
[2026-06-19 12:37:17] [INFO] [asr_transcribe_segments] Saved full transcript for 2190472 at outputs\ASR\fa_asr_predictions\2190472_fullaudio_transcription.txt
[2026-06-19 12:37:17] [INFO] [asr_transcribe_segments] wav_file data\Track_2_ASR_DevData_1\Hindi\Audio\2215699.wav
[2026-06-19 12:37:17] [INFO] [asr_transcribe_segments] Processing record 2215699 with 473 segments
